[2025-05-06T11:25:23.745Z] INFO: Server running on port 5000
[2025-05-06T11:25:26.320Z] INFO: [GET] /api/jellyfin-libraries 304 — 701ms
[2025-05-06T11:25:27.400Z] INFO: Server running on port 5000
[2025-05-06T11:25:28.125Z] INFO: [GET] /api/jellyfin-libraries 304 — 604ms
[2025-05-06T11:25:28.420Z] INFO: [GET] /api/jellyfin-libraries 304 — 290ms
[2025-05-06T11:25:32.941Z] INFO: [GET] /api/jellyfin-settings/1 304 — 9ms
[2025-05-06T11:25:32.954Z] INFO: [GET] /api/jellyfin-settings/1 304 — 5ms
[2025-05-06T11:25:32.971Z] INFO: [GET] /api/jellyfin-settings/1 304 — 5ms
[2025-05-06T11:25:32.973Z] INFO: [GET] /api/tmdb-settings/1 304 — 36ms
[2025-05-06T11:25:32.974Z] INFO: [GET] /api/omdb-settings/1 304 — 40ms
[2025-05-06T11:25:32.977Z] INFO: [GET] /api/anidb-settings/1 304 — 39ms
[2025-05-06T11:25:32.990Z] INFO: [GET] /api/jellyfin-settings/1 304 — 6ms
[2025-05-06T11:25:32.992Z] INFO: [GET] /api/tmdb-settings/1 304 — 6ms
[2025-05-06T11:25:32.994Z] INFO: [GET] /api/omdb-settings/1 304 — 7ms
[2025-05-06T11:25:32.998Z] INFO: [GET] /api/anidb-settings/1 304 — 11ms
[2025-05-06T11:25:35.839Z] INFO: API Request: GET /api/logs
[2025-05-06T11:25:35.840Z] WARN: Log file not found
[2025-05-06T11:25:35.843Z] INFO: [GET] /api/logs?limit=50&page=1 404 — 4ms
[2025-05-06T11:25:35.851Z] INFO: API Request: GET /api/logs
[2025-05-06T11:25:35.852Z] WARN: Log file not found
[2025-05-06T11:25:35.853Z] INFO: [GET] /api/logs?limit=50&page=1 404 — 2ms
[2025-05-06T11:25:42.712Z] INFO: [GET] /api/jellyfin-settings/1 304 — 7ms
[2025-05-06T11:25:42.714Z] INFO: [GET] /api/omdb-settings/1 304 — 7ms
[2025-05-06T11:25:42.714Z] INFO: [GET] /api/tmdb-settings/1 304 — 7ms
[2025-05-06T11:25:42.716Z] INFO: [GET] /api/anidb-settings/1 304 — 8ms
[2025-05-06T11:25:42.738Z] INFO: [GET] /api/jellyfin-settings/1 304 — 4ms
[2025-05-06T11:25:42.742Z] INFO: [GET] /api/omdb-settings/1 304 — 3ms
[2025-05-06T11:25:42.744Z] INFO: [GET] /api/tmdb-settings/1 304 — 5ms
[2025-05-06T11:25:42.747Z] INFO: [GET] /api/anidb-settings/1 304 — 7ms
[2025-05-06T11:25:42.762Z] INFO: [GET] /api/jellyfin-settings/1 304 — 5ms
[2025-05-06T11:25:42.779Z] INFO: [GET] /api/jellyfin-settings/1 304 — 6ms
[2025-05-06T11:25:47.065Z] INFO: Server running on port 5000
[2025-05-06T11:25:47.231Z] INFO: [GET] /api/jellyfin-settings/1 304 — 15ms
[2025-05-06T11:25:47.240Z] INFO: [GET] /api/anidb-settings/1 304 — 6ms
[2025-05-06T11:25:47.252Z] INFO: [GET] /api/anidb-settings/1 304 — 6ms
[2025-05-06T11:25:47.262Z] INFO: [GET] /api/omdb-settings/1 304 — 43ms
[2025-05-06T11:25:47.264Z] INFO: [GET] /api/tmdb-settings/1 304 — 43ms
[2025-05-06T11:25:47.269Z] INFO: [GET] /api/omdb-settings/1 304 — 3ms
[2025-05-06T11:25:47.272Z] INFO: [GET] /api/jellyfin-settings/1 304 — 36ms
[2025-05-06T11:25:47.274Z] INFO: [GET] /api/tmdb-settings/1 304 — 4ms
[2025-05-06T11:25:47.286Z] INFO: [GET] /api/jellyfin-settings/1 304 — 6ms
[2025-05-06T11:25:47.298Z] INFO: [GET] /api/jellyfin-settings/1 304 — 5ms
[2025-05-06T11:25:50.354Z] INFO: API Request: GET /api/logs
[2025-05-06T11:25:50.381Z] INFO: [GET] /api/logs?limit=50&page=1 200 — 28ms
[2025-05-06T11:25:50.383Z] INFO: API Request: GET /api/logs
[2025-05-06T11:25:50.385Z] INFO: [GET] /api/logs?limit=50&page=1 200 — 3ms
[2025-05-06T11:25:51.119Z] INFO: API Request: GET /api/logs
[2025-05-06T11:25:51.135Z] INFO: [GET] /api/logs?limit=50&page=1 200 — 16ms
[2025-05-06T11:25:51.198Z] INFO: API Request: GET /api/logs
[2025-05-06T11:25:51.216Z] INFO: [GET] /api/logs?limit=50&page=1 200 — 18ms
[2025-05-06T11:25:52.151Z] INFO: Server running on port 5000
[2025-05-06T11:25:52.285Z] INFO: API Request: GET /api/logs
[2025-05-06T11:25:52.307Z] INFO: [GET] /api/logs?limit=50&page=1 200 — 24ms
[2025-05-06T11:25:52.315Z] INFO: API Request: GET /api/logs
[2025-05-06T11:25:52.329Z] INFO: [GET] /api/logs?limit=50&page=1 200 — 14ms
[2025-05-06T11:25:52.987Z] INFO: API Request: GET /api/logs
[2025-05-06T11:25:53.004Z] INFO: [GET] /api/logs?limit=50&page=1 200 — 17ms
[2025-05-06T11:25:53.033Z] INFO: API Request: GET /api/logs
[2025-05-06T11:25:53.055Z] INFO: [GET] /api/logs?limit=50&page=1 200 — 22ms
[2025-05-06T11:25:53.705Z] INFO: API Request: GET /api/logs
[2025-05-06T11:25:53.725Z] INFO: [GET] /api/logs?limit=50&page=1 200 — 20ms
[2025-05-06T11:25:53.753Z] INFO: API Request: GET /api/logs
[2025-05-06T11:25:53.771Z] INFO: [GET] /api/logs?limit=50&page=1 200 — 18ms
[2025-05-06T11:25:54.467Z] INFO: API Request: GET /api/logs
[2025-05-06T11:25:54.483Z] INFO: [GET] /api/logs?limit=50&page=1 200 — 15ms
[2025-05-06T11:25:54.513Z] INFO: API Request: GET /api/logs
[2025-05-06T11:25:54.533Z] INFO: [GET] /api/logs?limit=50&page=1 200 — 20ms
[2025-05-06T11:25:55.330Z] INFO: API Request: GET /api/logs
[2025-05-06T11:25:55.347Z] INFO: [GET] /api/logs?limit=50&page=1 200 — 18ms
[2025-05-06T11:25:55.371Z] INFO: API Request: GET /api/logs
[2025-05-06T11:25:55.392Z] INFO: [GET] /api/logs?limit=50&page=1 200 — 21ms
[2025-05-06T11:25:56.095Z] INFO: API Request: GET /api/logs
[2025-05-06T11:25:56.111Z] INFO: [GET] /api/logs?limit=50&page=1 200 — 16ms
[2025-05-06T11:25:56.147Z] INFO: API Request: GET /api/logs
[2025-05-06T11:25:56.162Z] INFO: [GET] /api/logs?limit=50&page=1 200 — 15ms
[2025-05-06T11:25:56.812Z] INFO: API Request: GET /api/logs
[2025-05-06T11:25:56.826Z] INFO: [GET] /api/logs?limit=50&page=1 200 — 14ms
[2025-05-06T11:25:56.841Z] INFO: API Request: GET /api/logs
[2025-05-06T11:25:56.855Z] INFO: [GET] /api/logs?limit=50&page=1 200 — 14ms
[2025-05-06T11:25:57.557Z] INFO: Server running on port 5000
[2025-05-06T11:25:57.685Z] INFO: API Request: GET /api/logs
[2025-05-06T11:25:57.712Z] INFO: [GET] /api/logs?limit=50&page=1 200 — 28ms
[2025-05-06T11:25:57.722Z] INFO: API Request: GET /api/logs
[2025-05-06T11:25:57.741Z] INFO: [GET] /api/logs?limit=50&page=1 200 — 19ms
[2025-05-06T11:25:58.466Z] INFO: API Request: GET /api/logs
[2025-05-06T11:25:58.480Z] INFO: [GET] /api/logs?limit=50&page=1 200 — 14ms
[2025-05-06T11:25:58.519Z] INFO: API Request: GET /api/logs
[2025-05-06T11:25:58.536Z] INFO: [GET] /api/logs?limit=50&page=1 200 — 17ms
[2025-05-06T11:25:59.230Z] INFO: API Request: GET /api/logs
[2025-05-06T11:25:59.248Z] INFO: [GET] /api/logs?limit=50&page=1 200 — 18ms
[2025-05-06T11:25:59.253Z] INFO: API Request: GET /api/logs
[2025-05-06T11:25:59.272Z] INFO: [GET] /api/logs?limit=50&page=1 200 — 19ms
[2025-05-06T11:26:00.579Z] INFO: API Request: GET /api/logs
[2025-05-06T11:26:00.595Z] INFO: [GET] /api/logs?limit=50&page=1 200 — 16ms
[2025-05-06T11:26:00.616Z] INFO: API Request: GET /api/logs
[2025-05-06T11:26:00.633Z] INFO: [GET] /api/logs?limit=50&page=1 200 — 17ms
[2025-05-06T11:26:01.249Z] INFO: API Request: GET /api/logs
[2025-05-06T11:26:01.265Z] INFO: [GET] /api/logs?limit=50&page=1 200 — 15ms
[2025-05-06T11:26:01.292Z] INFO: API Request: GET /api/logs
[2025-05-06T11:26:01.311Z] INFO: [GET] /api/logs?limit=50&page=1 200 — 19ms
[2025-05-06T11:26:01.981Z] INFO: API Request: GET /api/logs
[2025-05-06T11:26:01.999Z] INFO: [GET] /api/logs?limit=50&page=1 200 — 18ms
[2025-05-06T11:26:02.025Z] INFO: API Request: GET /api/logs
[2025-05-06T11:26:02.040Z] INFO: [GET] /api/logs?limit=50&page=1 200 — 15ms
[2025-05-06T11:26:02.586Z] INFO: API Request: GET /api/logs
[2025-05-06T11:26:02.608Z] INFO: [GET] /api/logs?limit=50&page=1 200 — 23ms
[2025-05-06T11:26:02.616Z] INFO: API Request: GET /api/logs
[2025-05-06T11:26:02.639Z] INFO: [GET] /api/logs?limit=50&page=1 200 — 23ms
[2025-05-06T11:26:03.327Z] INFO: API Request: GET /api/logs
[2025-05-06T11:26:03.358Z] INFO: [GET] /api/logs?limit=50&page=1 200 — 31ms
[2025-05-06T11:26:03.372Z] INFO: API Request: GET /api/logs
[2025-05-06T11:26:03.395Z] INFO: [GET] /api/logs?limit=50&page=1 200 — 23ms
[2025-05-06T11:26:04.120Z] INFO: API Request: GET /api/logs
[2025-05-06T11:26:04.138Z] INFO: [GET] /api/logs?limit=50&page=1 200 — 18ms
[2025-05-06T11:26:04.165Z] INFO: API Request: GET /api/logs
[2025-05-06T11:26:04.180Z] INFO: [GET] /api/logs?limit=50&page=1 200 — 15ms
[2025-05-06T11:26:05.354Z] INFO: API Request: GET /api/logs
[2025-05-06T11:26:05.371Z] INFO: [GET] /api/logs?limit=50&page=1 200 — 16ms
[2025-05-06T11:26:05.398Z] INFO: API Request: GET /api/logs
[2025-05-06T11:26:05.413Z] INFO: [GET] /api/logs?limit=50&page=1 200 — 15ms
[2025-05-06T11:26:06.063Z] INFO: API Request: GET /api/logs
[2025-05-06T11:26:06.083Z] INFO: [GET] /api/logs?limit=50&page=1 200 — 21ms
[2025-05-06T11:26:06.118Z] INFO: API Request: GET /api/logs
[2025-05-06T11:26:06.134Z] INFO: [GET] /api/logs?limit=50&page=1 200 — 16ms
[2025-05-06T11:26:06.907Z] INFO: [GET] /api/jellyfin-settings/1 304 — 9ms
[2025-05-06T11:26:06.925Z] INFO: [GET] /api/jellyfin-settings/1 304 — 6ms
[2025-05-06T11:26:06.939Z] INFO: [GET] /api/jellyfin-settings/1 304 — 5ms
[2025-05-06T11:26:06.947Z] INFO: [GET] /api/anidb-settings/1 304 — 46ms
[2025-05-06T11:26:06.948Z] INFO: [GET] /api/omdb-settings/1 304 — 49ms
[2025-05-06T11:26:06.950Z] INFO: [GET] /api/tmdb-settings/1 304 — 47ms
[2025-05-06T11:26:06.973Z] INFO: [GET] /api/jellyfin-settings/1 304 — 5ms
[2025-05-06T11:26:06.979Z] INFO: [GET] /api/omdb-settings/1 304 — 3ms
[2025-05-06T11:26:06.981Z] INFO: [GET] /api/anidb-settings/1 304 — 7ms
[2025-05-06T11:26:06.982Z] INFO: [GET] /api/tmdb-settings/1 304 — 5ms
[2025-05-06T11:26:16.347Z] INFO: [GET] /api/jellyfin-settings/1 304 — 8ms
[2025-05-06T11:26:16.348Z] INFO: [GET] /api/omdb-settings/1 304 — 7ms
[2025-05-06T11:26:16.349Z] INFO: [GET] /api/tmdb-settings/1 304 — 7ms
[2025-05-06T11:26:16.351Z] INFO: [GET] /api/anidb-settings/1 304 — 8ms
[2025-05-06T11:26:16.367Z] INFO: [GET] /api/jellyfin-settings/1 304 — 4ms
[2025-05-06T11:26:16.369Z] INFO: [GET] /api/omdb-settings/1 304 — 5ms
[2025-05-06T11:26:16.370Z] INFO: [GET] /api/tmdb-settings/1 304 — 5ms
[2025-05-06T11:26:16.372Z] INFO: [GET] /api/anidb-settings/1 304 — 4ms
[2025-05-06T11:26:16.382Z] INFO: [GET] /api/jellyfin-settings/1 304 — 4ms
[2025-05-06T11:26:16.392Z] INFO: [GET] /api/jellyfin-settings/1 304 — 4ms
[2025-05-06T11:26:25.589Z] INFO: Server running on port 5000
[2025-05-06T11:26:33.370Z] INFO: Server running on port 5000
[2025-05-06T11:26:56.961Z] INFO: [GET] /api/jellyfin-settings/1 304 — 29ms
[2025-05-06T11:26:56.963Z] INFO: [GET] /api/omdb-settings/1 304 — 28ms
[2025-05-06T11:26:56.969Z] INFO: [GET] /api/tmdb-settings/1 304 — 32ms
[2025-05-06T11:26:56.974Z] INFO: [GET] /api/jellyfin-settings/1 304 — 8ms
[2025-05-06T11:26:56.978Z] INFO: [GET] /api/anidb-settings/1 304 — 39ms
[2025-05-06T11:26:56.979Z] INFO: [GET] /api/omdb-settings/1 304 — 9ms
[2025-05-06T11:26:56.983Z] INFO: [GET] /api/tmdb-settings/1 304 — 3ms
[2025-05-06T11:26:56.991Z] INFO: [GET] /api/jellyfin-settings/1 304 — 5ms
[2025-05-06T11:26:56.996Z] INFO: [GET] /api/anidb-settings/1 304 — 9ms
[2025-05-06T11:26:57.008Z] INFO: [GET] /api/jellyfin-settings/1 304 — 6ms
[2025-05-06T11:26:59.240Z] INFO: [GET] /api/jellyfin-libraries 304 — 606ms
[2025-05-06T11:26:59.540Z] INFO: [GET] /api/jellyfin-libraries 304 — 296ms
[2025-05-06T11:27:01.111Z] INFO: API Request: GET /api/logs
[2025-05-06T11:27:01.128Z] INFO: [GET] /api/logs?limit=50&page=1 200 — 18ms
[2025-05-06T11:27:01.132Z] INFO: API Request: GET /api/logs
[2025-05-06T11:27:01.146Z] INFO: [GET] /api/logs?limit=50&page=1 200 — 14ms
[2025-05-06T11:27:01.828Z] INFO: API Request: GET /api/logs
[2025-05-06T11:27:01.851Z] INFO: [GET] /api/logs?limit=50&page=1 200 — 23ms
[2025-05-06T11:27:01.899Z] INFO: API Request: GET /api/logs
[2025-05-06T11:27:01.914Z] INFO: [GET] /api/logs?limit=50&page=1 200 — 15ms
[2025-05-06T11:27:02.497Z] INFO: API Request: GET /api/logs
[2025-05-06T11:27:02.514Z] INFO: [GET] /api/logs?limit=50&page=1 200 — 17ms
[2025-05-06T11:27:02.531Z] INFO: API Request: GET /api/logs
[2025-05-06T11:27:02.551Z] INFO: [GET] /api/logs?limit=50&page=1 200 — 19ms
[2025-05-06T11:27:03.215Z] INFO: API Request: GET /api/logs
[2025-05-06T11:27:03.231Z] INFO: [GET] /api/logs?limit=50&page=1 200 — 16ms
[2025-05-06T11:27:03.250Z] INFO: API Request: GET /api/logs
[2025-05-06T11:27:03.264Z] INFO: [GET] /api/logs?limit=50&page=1 200 — 14ms
[2025-05-06T11:27:03.877Z] INFO: API Request: GET /api/logs
[2025-05-06T11:27:03.894Z] INFO: [GET] /api/logs?limit=50&page=1 200 — 17ms
[2025-05-06T11:27:03.928Z] INFO: API Request: GET /api/logs
[2025-05-06T11:27:03.943Z] INFO: [GET] /api/logs?limit=50&page=1 200 — 15ms
[2025-05-06T11:27:04.477Z] INFO: API Request: GET /api/logs
[2025-05-06T11:27:04.497Z] INFO: [GET] /api/logs?limit=50&page=1 200 — 21ms
[2025-05-06T11:27:04.520Z] INFO: API Request: GET /api/logs
[2025-05-06T11:27:04.538Z] INFO: [GET] /api/logs?limit=50&page=1 200 — 18ms
[2025-05-06T11:27:05.210Z] INFO: API Request: GET /api/logs
[2025-05-06T11:27:05.227Z] INFO: [GET] /api/logs?limit=50&page=1 200 — 17ms
[2025-05-06T11:27:05.253Z] INFO: API Request: GET /api/logs
[2025-05-06T11:27:05.267Z] INFO: [GET] /api/logs?limit=50&page=1 200 — 14ms
[2025-05-06T11:27:05.735Z] INFO: API Request: GET /api/logs
[2025-05-06T11:27:05.750Z] INFO: [GET] /api/logs?limit=50&page=1 200 — 15ms
[2025-05-06T11:27:05.776Z] INFO: API Request: GET /api/logs
[2025-05-06T11:27:05.790Z] INFO: [GET] /api/logs?limit=50&page=1 200 — 14ms
[2025-05-06T11:27:06.409Z] INFO: API Request: GET /api/logs
[2025-05-06T11:27:06.424Z] INFO: [GET] /api/logs?limit=50&page=1 200 — 15ms
[2025-05-06T11:27:06.462Z] INFO: API Request: GET /api/logs
[2025-05-06T11:27:06.477Z] INFO: [GET] /api/logs?limit=50&page=1 200 — 15ms
[2025-05-06T11:27:07.026Z] INFO: API Request: GET /api/logs
[2025-05-06T11:27:07.039Z] INFO: [GET] /api/logs?limit=50&page=1 200 — 13ms
[2025-05-06T11:27:07.052Z] INFO: API Request: GET /api/logs
[2025-05-06T11:27:07.066Z] INFO: [GET] /api/logs?limit=50&page=1 200 — 14ms
[2025-05-06T11:27:07.624Z] INFO: API Request: GET /api/logs
[2025-05-06T11:27:07.639Z] INFO: [GET] /api/logs?limit=50&page=1 200 — 15ms
[2025-05-06T11:27:07.660Z] INFO: API Request: GET /api/logs
[2025-05-06T11:27:07.673Z] INFO: [GET] /api/logs?limit=50&page=1 200 — 13ms
[2025-05-06T11:27:08.263Z] INFO: API Request: GET /api/logs
[2025-05-06T11:27:08.280Z] INFO: [GET] /api/logs?limit=50&page=1 200 — 17ms
[2025-05-06T11:27:08.344Z] INFO: API Request: GET /api/logs
[2025-05-06T11:27:08.359Z] INFO: [GET] /api/logs?limit=50&page=1 200 — 15ms
[2025-05-06T11:27:08.829Z] INFO: API Request: GET /api/logs
[2025-05-06T11:27:08.842Z] INFO: [GET] /api/logs?limit=50&page=1 200 — 13ms
[2025-05-06T11:27:08.860Z] INFO: API Request: GET /api/logs
[2025-05-06T11:27:08.873Z] INFO: [GET] /api/logs?limit=50&page=1 200 — 13ms
[2025-05-06T11:27:09.412Z] INFO: API Request: GET /api/logs
[2025-05-06T11:27:09.428Z] INFO: [GET] /api/logs?limit=50&page=1 200 — 16ms
[2025-05-06T11:27:09.454Z] INFO: API Request: GET /api/logs
[2025-05-06T11:27:09.472Z] INFO: [GET] /api/logs?limit=50&page=1 200 — 19ms
[2025-05-06T11:27:09.980Z] INFO: API Request: GET /api/logs
[2025-05-06T11:27:09.993Z] INFO: [GET] /api/logs?limit=50&page=1 200 — 13ms
[2025-05-06T11:27:10.028Z] INFO: API Request: GET /api/logs
[2025-05-06T11:27:10.042Z] INFO: [GET] /api/logs?limit=50&page=1 200 — 14ms
[2025-05-06T11:27:10.682Z] INFO: API Request: GET /api/logs
[2025-05-06T11:27:10.700Z] INFO: [GET] /api/logs?limit=50&page=1 200 — 18ms
[2025-05-06T11:27:10.731Z] INFO: API Request: GET /api/logs
[2025-05-06T11:27:10.746Z] INFO: [GET] /api/logs?limit=50&page=1 200 — 15ms
[2025-05-06T11:27:11.313Z] INFO: API Request: GET /api/logs
[2025-05-06T11:27:11.331Z] INFO: [GET] /api/logs?limit=50&page=1 200 — 18ms
[2025-05-06T11:27:11.353Z] INFO: API Request: GET /api/logs
[2025-05-06T11:27:11.367Z] INFO: [GET] /api/logs?limit=50&page=1 200 — 14ms
[2025-05-06T11:27:12.002Z] INFO: API Request: GET /api/logs
[2025-05-06T11:27:12.016Z] INFO: [GET] /api/logs?limit=50&page=1 200 — 15ms
[2025-05-06T11:27:12.043Z] INFO: API Request: GET /api/logs
[2025-05-06T11:27:12.057Z] INFO: [GET] /api/logs?limit=50&page=1 200 — 14ms
[2025-05-06T11:27:12.678Z] INFO: API Request: GET /api/logs
[2025-05-06T11:27:12.697Z] INFO: [GET] /api/logs?limit=50&page=1 200 — 19ms
[2025-05-06T11:27:12.720Z] INFO: API Request: GET /api/logs
[2025-05-06T11:27:12.735Z] INFO: [GET] /api/logs?limit=50&page=1 200 — 15ms
[2025-05-06T11:27:13.244Z] INFO: API Request: GET /api/logs
[2025-05-06T11:27:13.260Z] INFO: [GET] /api/logs?limit=50&page=1 200 — 16ms
[2025-05-06T11:27:13.280Z] INFO: API Request: GET /api/logs
[2025-05-06T11:27:13.297Z] INFO: [GET] /api/logs?limit=50&page=1 200 — 17ms
[2025-05-06T11:27:13.968Z] INFO: API Request: GET /api/logs
[2025-05-06T11:27:13.982Z] INFO: [GET] /api/logs?limit=50&page=1 200 — 14ms
[2025-05-06T11:27:14.008Z] INFO: API Request: GET /api/logs
[2025-05-06T11:27:14.022Z] INFO: [GET] /api/logs?limit=50&page=1 200 — 14ms
[2025-05-06T11:27:14.534Z] INFO: API Request: GET /api/logs
[2025-05-06T11:27:14.552Z] INFO: [GET] /api/logs?limit=50&page=1 200 — 19ms
[2025-05-06T11:27:14.580Z] INFO: API Request: GET /api/logs
[2025-05-06T11:27:14.599Z] INFO: [GET] /api/logs?limit=50&page=1 200 — 19ms
[2025-05-06T11:27:15.176Z] INFO: API Request: GET /api/logs
[2025-05-06T11:27:15.190Z] INFO: [GET] /api/logs?limit=50&page=1 200 — 14ms
[2025-05-06T11:27:15.216Z] INFO: API Request: GET /api/logs
[2025-05-06T11:27:15.231Z] INFO: [GET] /api/logs?limit=50&page=1 200 — 15ms
[2025-05-06T11:27:15.830Z] INFO: API Request: GET /api/logs
[2025-05-06T11:27:15.846Z] INFO: [GET] /api/logs?limit=50&page=1 200 — 16ms
[2025-05-06T11:27:15.865Z] INFO: API Request: GET /api/logs
[2025-05-06T11:27:15.882Z] INFO: [GET] /api/logs?limit=50&page=1 200 — 17ms
[2025-05-06T11:27:16.408Z] INFO: API Request: GET /api/logs
[2025-05-06T11:27:16.421Z] INFO: [GET] /api/logs?limit=50&page=1 200 — 14ms
[2025-05-06T11:27:16.445Z] INFO: API Request: GET /api/logs
[2025-05-06T11:27:16.464Z] INFO: [GET] /api/logs?limit=50&page=1 200 — 19ms
[2025-05-06T11:27:17.097Z] INFO: API Request: GET /api/logs
[2025-05-06T11:27:17.116Z] INFO: [GET] /api/logs?limit=50&page=1 200 — 19ms
[2025-05-06T11:27:17.154Z] INFO: API Request: GET /api/logs
[2025-05-06T11:27:17.175Z] INFO: [GET] /api/logs?limit=50&page=1 200 — 21ms
[2025-05-06T11:27:17.833Z] INFO: API Request: GET /api/logs
[2025-05-06T11:27:17.849Z] INFO: [GET] /api/logs?limit=50&page=1 200 — 16ms
[2025-05-06T11:27:17.880Z] INFO: API Request: GET /api/logs
[2025-05-06T11:27:17.896Z] INFO: [GET] /api/logs?limit=50&page=1 200 — 16ms
[2025-05-06T11:27:18.532Z] INFO: API Request: GET /api/logs
[2025-05-06T11:27:18.556Z] INFO: [GET] /api/logs?limit=50&page=1 200 — 24ms
[2025-05-06T11:27:18.587Z] INFO: API Request: GET /api/logs
[2025-05-06T11:27:18.611Z] INFO: [GET] /api/logs?limit=50&page=1 200 — 24ms
[2025-05-06T11:27:19.195Z] INFO: API Request: GET /api/logs
[2025-05-06T11:27:19.209Z] INFO: [GET] /api/logs?limit=50&page=1 200 — 14ms
[2025-05-06T11:27:19.235Z] INFO: API Request: GET /api/logs
[2025-05-06T11:27:19.252Z] INFO: [GET] /api/logs?limit=50&page=1 200 — 17ms
[2025-05-06T11:27:20.059Z] INFO: API Request: GET /api/logs
[2025-05-06T11:27:20.076Z] INFO: [GET] /api/logs?limit=50&page=1 200 — 17ms
[2025-05-06T11:27:20.112Z] INFO: API Request: GET /api/logs
[2025-05-06T11:27:20.128Z] INFO: [GET] /api/logs?limit=50&page=1 200 — 16ms
[2025-05-06T11:27:20.835Z] INFO: API Request: GET /api/logs
[2025-05-06T11:27:20.853Z] INFO: [GET] /api/logs?limit=50&page=1 200 — 18ms
[2025-05-06T11:27:20.884Z] INFO: API Request: GET /api/logs
[2025-05-06T11:27:20.901Z] INFO: [GET] /api/logs?limit=50&page=1 200 — 17ms
[2025-05-06T11:27:21.431Z] INFO: API Request: GET /api/logs
[2025-05-06T11:27:21.446Z] INFO: [GET] /api/logs?limit=50&page=1 200 — 15ms
[2025-05-06T11:27:21.464Z] INFO: API Request: GET /api/logs
[2025-05-06T11:27:21.478Z] INFO: [GET] /api/logs?limit=50&page=1 200 — 14ms
[2025-05-06T11:27:22.128Z] INFO: API Request: GET /api/logs
[2025-05-06T11:27:22.141Z] INFO: [GET] /api/logs?limit=50&page=1 200 — 13ms
[2025-05-06T11:27:22.154Z] INFO: API Request: GET /api/logs
[2025-05-06T11:27:22.168Z] INFO: [GET] /api/logs?limit=50&page=1 200 — 14ms
[2025-05-06T11:27:22.715Z] INFO: API Request: GET /api/logs
[2025-05-06T11:27:22.730Z] INFO: [GET] /api/logs?limit=50&page=1 200 — 15ms
[2025-05-06T11:27:22.762Z] INFO: API Request: GET /api/logs
[2025-05-06T11:27:22.780Z] INFO: [GET] /api/logs?limit=50&page=1 200 — 18ms
[2025-05-06T11:27:23.446Z] INFO: API Request: GET /api/logs
[2025-05-06T11:27:23.462Z] INFO: [GET] /api/logs?limit=50&page=1 200 — 16ms
[2025-05-06T11:27:23.494Z] INFO: API Request: GET /api/logs
[2025-05-06T11:27:23.508Z] INFO: [GET] /api/logs?limit=50&page=1 200 — 15ms
[2025-05-06T11:27:24.133Z] INFO: API Request: GET /api/logs
[2025-05-06T11:27:24.153Z] INFO: [GET] /api/logs?limit=50&page=1 200 — 20ms
[2025-05-06T11:27:24.183Z] INFO: API Request: GET /api/logs
[2025-05-06T11:27:24.198Z] INFO: [GET] /api/logs?limit=50&page=1 200 — 15ms
[2025-05-06T11:27:25.277Z] INFO: [GET] /api/jellyfin-libraries 304 — 460ms
[2025-05-06T11:27:25.511Z] INFO: [GET] /api/jellyfin-libraries 304 — 231ms
[2025-05-06T11:27:59.303Z] INFO: [GET] /api/jellyfin-libraries 304 — 525ms
[2025-05-06T11:27:59.588Z] INFO: [GET] /api/jellyfin-libraries 304 — 281ms
[2025-05-06T11:28:14.270Z] INFO: [GET] /api/jellyfin-libraries 304 — 539ms
[2025-05-06T11:28:14.622Z] INFO: [GET] /api/jellyfin-libraries 304 — 347ms
[2025-05-06T11:28:56.055Z] INFO: [GET] /api/jellyfin-libraries 304 — 576ms
[2025-05-06T11:28:56.371Z] INFO: [GET] /api/jellyfin-libraries 304 — 312ms
[2025-05-06T11:29:35.394Z] INFO: [GET] /api/jellyfin-libraries 304 — 514ms
[2025-05-06T11:29:35.757Z] INFO: [GET] /api/jellyfin-libraries 304 — 358ms
[2025-05-06T11:29:38.088Z] INFO: Server running on port 5000
[2025-05-06T11:29:38.835Z] INFO: [GET] /api/jellyfin-libraries 304 — 679ms
[2025-05-06T11:29:39.203Z] INFO: [GET] /api/jellyfin-libraries 304 — 364ms
[2025-05-06T11:29:42.516Z] INFO: Server running on port 5000
[2025-05-06T11:29:43.239Z] INFO: [GET] /api/jellyfin-libraries 304 — 565ms
[2025-05-06T11:29:43.501Z] INFO: [GET] /api/jellyfin-libraries 304 — 258ms
[2025-05-06T11:29:47.087Z] INFO: Server running on port 5000
[2025-05-06T11:29:48.750Z] INFO: [GET] /api/jellyfin-libraries 304 — 577ms
[2025-05-06T11:29:49.029Z] INFO: [GET] /api/jellyfin-libraries 304 — 276ms
[2025-05-06T11:30:15.177Z] INFO: [GET] /api/logs?limit=50&page=1 200 — 16ms
[2025-05-06T11:30:18.422Z] INFO: [GET] /api/logs?limit=50&page=1 200 — 1ms
[2025-05-06T11:30:20.624Z] INFO: [GET] /api/logs?limit=50&page=1 200 — 3ms
[2025-05-06T11:30:25.466Z] INFO: [GET] /api/logs?limit=50&page=1 200 — 17ms
[2025-05-06T11:30:26.672Z] INFO: [GET] /api/logs?limit=50&page=1 200 — 2ms
[2025-05-06T11:30:34.472Z] INFO: Server running on port 5000
[2025-05-06T11:30:35.634Z] INFO: [GET] /api/logs?limit=50&page=1 200 — 5ms
[2025-05-06T11:30:39.862Z] INFO: Server running on port 5000
[2025-05-06T11:30:47.181Z] INFO: [GET] /api/logs?limit=50&page=1 200 — 5ms
[2025-05-06T11:31:20.525Z] INFO: [GET] /api/jellyfin-libraries 304 — 621ms
[2025-05-06T11:31:20.801Z] INFO: [GET] /api/jellyfin-libraries 304 — 272ms
[2025-05-06T11:31:22.392Z] INFO: [GET] /api/jellyfin-settings/1 304 — 8ms
[2025-05-06T11:31:22.399Z] INFO: [GET] /api/omdb-settings/1 304 — 3ms
[2025-05-06T11:31:22.405Z] INFO: [GET] /api/jellyfin-settings/1 304 — 4ms
[2025-05-06T11:31:22.415Z] INFO: [GET] /api/jellyfin-settings/1 304 — 29ms
[2025-05-06T11:31:22.418Z] INFO: [GET] /api/tmdb-settings/1 304 — 31ms
[2025-05-06T11:31:22.420Z] INFO: [GET] /api/anidb-settings/1 304 — 32ms
[2025-05-06T11:31:22.421Z] INFO: [GET] /api/omdb-settings/1 304 — 5ms
[2025-05-06T11:31:22.426Z] INFO: [GET] /api/jellyfin-settings/1 304 — 4ms
[2025-05-06T11:31:22.436Z] INFO: [GET] /api/tmdb-settings/1 304 — 3ms
[2025-05-06T11:31:22.438Z] INFO: [GET] /api/anidb-settings/1 304 — 4ms
[2025-05-06T11:31:26.005Z] INFO: [POST] /api/jellyfin-settings/1 200 — 20ms
[2025-05-06T11:31:26.017Z] INFO: [GET] /api/jellyfin-settings/1 200 — 4ms
[2025-05-06T11:31:32.334Z] INFO: [GET] /api/logs?limit=50&page=1 200 — 15ms
[2025-05-06T11:31:35.445Z] INFO: [GET] /api/logs?limit=50&page=1 200 — 1ms
[2025-05-06T11:31:49.169Z] INFO: [GET] /api/jellyfin-libraries 304 — 436ms
[2025-05-06T11:31:49.472Z] INFO: [GET] /api/jellyfin-libraries 304 — 296ms
[2025-05-06T11:32:09.472Z] INFO: [GET] /api/jellyfin-libraries 304 — 490ms
[2025-05-06T11:32:09.798Z] INFO: [GET] /api/jellyfin-libraries 304 — 321ms
[2025-05-06T11:32:31.070Z] INFO: [GET] /api/jellyfin-libraries 304 — 554ms
[2025-05-06T11:32:31.450Z] INFO: [GET] /api/jellyfin-libraries 304 — 372ms
[2025-05-06T11:32:36.040Z] INFO: [GET] /api/jellyfin-libraries 304 — 332ms
[2025-05-06T11:32:36.313Z] INFO: [GET] /api/jellyfin-libraries 304 — 268ms
[2025-05-06T11:32:39.914Z] INFO: [GET] /api/logs?limit=50&page=1 200 — 15ms
[2025-05-06T11:32:41.152Z] INFO: [GET] /api/logs?limit=50&page=1 200 — 1ms
[2025-05-06T11:32:43.792Z] INFO: [GET] /api/jellyfin-libraries 304 — 509ms
[2025-05-06T11:32:44.095Z] INFO: [GET] /api/jellyfin-libraries 304 — 298ms
[2025-05-06T11:32:52.875Z] INFO: [GET] /api/jellyfin-libraries 304 — 549ms
[2025-05-06T11:32:53.214Z] INFO: [GET] /api/jellyfin-libraries 304 — 335ms
[2025-05-06T11:32:58.928Z] INFO: Server running on port 5000
[2025-05-06T11:33:01.732Z] INFO: [GET] /api/jellyfin-libraries 304 — 609ms
[2025-05-06T11:33:02.076Z] INFO: [GET] /api/jellyfin-libraries 304 — 336ms
[2025-05-06T11:33:06.492Z] INFO: Server running on port 5000
[2025-05-06T11:33:11.481Z] INFO: [GET] /api/jellyfin-libraries 304 — 525ms
[2025-05-06T11:33:11.795Z] INFO: [GET] /api/jellyfin-libraries 304 — 305ms
[2025-05-06T11:33:13.893Z] INFO: [GET] /api/logs?limit=50&page=1 200 — 17ms
[2025-05-06T11:33:13.912Z] INFO: [GET] /api/logs?limit=50&page=1 200 — 15ms
[2025-05-06T11:33:14.559Z] INFO: [GET] /api/logs?limit=50&page=1 200 — 2ms
[2025-05-06T11:33:14.578Z] INFO: [GET] /api/logs?limit=50&page=1 200 — 15ms
[2025-05-06T11:33:15.261Z] INFO: [GET] /api/logs?limit=50&page=1 200 — 2ms
[2025-05-06T11:33:15.279Z] INFO: [GET] /api/logs?limit=50&page=1 200 — 14ms
[2025-05-06T11:33:15.858Z] INFO: [GET] /api/logs?limit=50&page=1 200 — 3ms
[2025-05-06T11:33:15.878Z] INFO: [GET] /api/logs?limit=50&page=1 200 — 17ms
[2025-05-06T11:33:16.455Z] INFO: [GET] /api/logs?limit=50&page=1 200 — 2ms
[2025-05-06T11:33:16.473Z] INFO: [GET] /api/logs?limit=50&page=1 200 — 14ms
[2025-05-06T11:33:17.110Z] INFO: [GET] /api/logs?limit=50&page=1 200 — 2ms
[2025-05-06T11:33:17.130Z] INFO: [GET] /api/logs?limit=50&page=1 200 — 16ms
[2025-05-06T11:33:18.059Z] INFO: [GET] /api/logs?limit=50&page=1 200 — 2ms
[2025-05-06T11:33:18.081Z] INFO: [GET] /api/logs?limit=50&page=1 200 — 16ms
[2025-05-06T11:33:18.741Z] INFO: [GET] /api/logs?limit=50&page=1 200 — 2ms
[2025-05-06T11:33:18.758Z] INFO: [GET] /api/logs?limit=50&page=1 200 — 13ms
[2025-05-06T11:33:19.442Z] INFO: [GET] /api/logs?limit=50&page=1 200 — 2ms
[2025-05-06T11:33:19.463Z] INFO: [GET] /api/logs?limit=50&page=1 200 — 16ms
[2025-05-06T11:33:20.041Z] INFO: [GET] /api/logs?limit=50&page=1 200 — 1ms
[2025-05-06T11:33:20.060Z] INFO: [GET] /api/logs?limit=50&page=1 200 — 15ms
[2025-05-06T11:33:20.632Z] INFO: [GET] /api/logs?limit=50&page=1 200 — 1ms
[2025-05-06T11:33:20.652Z] INFO: [GET] /api/logs?limit=50&page=1 200 — 13ms
[2025-05-06T11:33:21.309Z] INFO: [GET] /api/logs?limit=50&page=1 200 — 1ms
[2025-05-06T11:33:21.332Z] INFO: [GET] /api/logs?limit=50&page=1 200 — 17ms
[2025-05-06T11:33:22.192Z] INFO: [GET] /api/logs?limit=50&page=1 200 — 1ms
[2025-05-06T11:33:22.212Z] INFO: [GET] /api/logs?limit=50&page=1 200 — 17ms
[2025-05-06T11:33:23.291Z] INFO: [GET] /api/jellyfin-libraries 304 — 445ms
[2025-05-06T11:33:23.596Z] INFO: [GET] /api/jellyfin-libraries 304 — 302ms
[2025-05-06T11:33:35.976Z] INFO: [GET] /api/jellyfin-libraries 304 — 471ms
[2025-05-06T11:33:36.226Z] INFO: [GET] /api/jellyfin-libraries 304 — 247ms
[2025-05-06T11:34:00.597Z] INFO: Server running on port 5000
[2025-05-06T11:34:03.187Z] INFO: [GET] /api/jellyfin-libraries 304 — 578ms
[2025-05-06T11:34:03.462Z] INFO: [GET] /api/jellyfin-libraries 304 — 270ms
[2025-05-06T11:34:39.145Z] INFO: [GET] /api/jellyfin-libraries 304 — 510ms
[2025-05-06T11:34:39.451Z] INFO: [GET] /api/jellyfin-libraries 304 — 300ms
[2025-05-06T11:35:03.967Z] INFO: Server running on port 5000
[2025-05-06T11:35:08.767Z] INFO: Server running on port 5000
[2025-05-06T11:35:19.314Z] INFO: [GET] /api/jellyfin-libraries 304 — 504ms
[2025-05-06T11:35:19.644Z] INFO: [GET] /api/jellyfin-libraries 304 — 326ms
[2025-05-06T11:37:26.228Z] INFO: Server running on port 5000
[2025-05-06T11:37:31.491Z] INFO: Server running on port 5000
