2025-06-09 15:40:27 - ERROR - Test error message
2025-06-09 15:40:27 - WARNING - Test warning message
2025-06-09 15:40:27 - CRITICAL - Test critical message
2025-06-09 15:40:27 - WARNING - MILESTONE: Test milestone message
2025-06-09 15:40:27 - WARNING - STARTED: Test successful operation
2025-06-09 15:40:27 - WARNING - COMPLETED: Test successful operation
2025-06-09 15:40:27 - WARNING - STARTED: Test failed operation
2025-06-09 15:40:27 - ERROR - FAILED: Test failed operation - Simulated error
2025-06-09 15:40:27 - WARNING - Test message from aphrodite module
2025-06-09 15:40:27 - WARNING - Test message from badge_processor module
2025-06-09 15:40:27 - WARNING - Test message from review_fetcher module
2025-06-09 15:40:27 - WARNING - Test message from database module
2025-06-09 15:51:57 - WARNING - MILESTONE: Chunk 1 conversion test completed
2025-06-09 16:01:04 - WARNING - MILESTONE: Chunk 2 conversion test completed
2025-06-09 16:12:54 - WARNING - MILESTONE: Chunk 3 conversion test completed
2025-06-09 20:19:16 - WARNING - MILESTONE: Phase 3 modular conversion test started
2025-06-09 20:19:16 - WARNING - This is a test warning
2025-06-09 20:19:16 - WARNING - STARTED: Test operation
2025-06-09 20:19:16 - WARNING - COMPLETED: Test operation
2025-06-09 20:21:53 - ERROR - Could not retrieve item data from Jellyfin
2025-06-09 20:22:17 - ERROR - Could not retrieve item data from Jellyfin
